# JRE version: OpenJDK Runtime Environment (8.0) (build 1.8.0-adoptopenjdk-_2018_05_19_00_59-b00)
# Java VM: OpenJDK 64-Bit Server VM (25.71-b00 mixed mode windows-amd64 compressed oops)
Heap:
 PSYoungGen      total 284672K, used 5605K [0x00000000eab00000, 0x00000000fd600000, 0x0000000100000000)
  eden space 263168K, 2% used [0x00000000eab00000,0x00000000eb079458,0x00000000fac00000)
  from space 21504K, 0% used [0x00000000fac00000,0x00000000fac00000,0x00000000fc100000)
  to   space 21504K, 0% used [0x00000000fc100000,0x00000000fc100000,0x00000000fd600000)
 ParOldGen       total 349696K, used 72471K [0x00000000c0000000, 0x00000000d5580000, 0x00000000eab00000)
  object space 349696K, 20% used [0x00000000c0000000,0x00000000c46c5de8,0x00000000d5580000)
 Metaspace       used 13831K, capacity 14530K, committed 14848K, reserved 1062912K
  class space    used 2055K, capacity 2212K, committed 2304K, reserved 1048576K
GC Heap History (10 events):
Event: 2.903 GC heap before
{Heap before GC invocations=16 (full 7):
 PSYoungGen      total 153088K, used 131584K [0x00000000eab00000, 0x00000000f5580000, 0x0000000100000000)
  eden space 131584K, 100% used [0x00000000eab00000,0x00000000f2b80000,0x00000000f2b80000)
  from space 21504K, 0% used [0x00000000f4080000,0x00000000f4080000,0x00000000f5580000)
  to   space 21504K, 0% used [0x00000000f2b80000,0x00000000f2b80000,0x00000000f4080000)
 ParOldGen       total 349696K, used 58447K [0x00000000c0000000, 0x00000000d5580000, 0x00000000eab00000)
  object space 349696K, 16% used [0x00000000c0000000,0x00000000c3913da8,0x00000000d5580000)
 Metaspace       used 13313K, capacity 13966K, committed 14208K, reserved 1060864K
  class space    used 1998K, capacity 2152K, committed 2176K, reserved 1048576K
Event: 2.912 GC heap after
Heap after GC invocations=16 (full 7):
 PSYoungGen      total 153088K, used 15424K [0x00000000eab00000, 0x00000000fd600000, 0x0000000100000000)
  eden space 131584K, 0% used [0x00000000eab00000,0x00000000eab00000,0x00000000f2b80000)
  from space 21504K, 71% used [0x00000000f2b80000,0x00000000f3a90000,0x00000000f4080000)
  to   space 21504K, 0% used [0x00000000fc100000,0x00000000fc100000,0x00000000fd600000)
 ParOldGen       total 349696K, used 58447K [0x00000000c0000000, 0x00000000d5580000, 0x00000000eab00000)
  object space 349696K, 16% used [0x00000000c0000000,0x00000000c3913da8,0x00000000d5580000)
 Metaspace       used 13313K, capacity 13966K, committed 14208K, reserved 1060864K
  class space    used 1998K, capacity 2152K, committed 2176K, reserved 1048576K
}
Event: 3.019 GC heap before
{Heap before GC invocations=17 (full 7):
 PSYoungGen      total 153088K, used 62733K [0x00000000eab00000, 0x00000000fd600000, 0x0000000100000000)
  eden space 131584K, 35% used [0x00000000eab00000,0x00000000ed933538,0x00000000f2b80000)
  from space 21504K, 71% used [0x00000000f2b80000,0x00000000f3a90000,0x00000000f4080000)
  to   space 21504K, 0% used [0x00000000fc100000,0x00000000fc100000,0x00000000fd600000)
 ParOldGen       total 349696K, used 58447K [0x00000000c0000000, 0x00000000d5580000, 0x00000000eab00000)
  object space 349696K, 16% used [0x00000000c0000000,0x00000000c3913da8,0x00000000d5580000)
 Metaspace       used 13591K, capacity 14290K, committed 14592K, reserved 1060864K
  class space    used 2041K, capacity 2204K, committed 2304K, reserved 1048576K
Event: 3.028 GC heap after
Heap after GC invocations=17 (full 7):
 PSYoungGen      total 284672K, used 19522K [0x00000000eab00000, 0x00000000fd600000, 0x0000000100000000)
  eden space 263168K, 0% used [0x00000000eab00000,0x00000000eab00000,0x00000000fac00000)
  from space 21504K, 90% used [0x00000000fc100000,0x00000000fd410a18,0x00000000fd600000)
  to   space 21504K, 0% used [0x00000000fac00000,0x00000000fac00000,0x00000000fc100000)
 ParOldGen       total 349696K, used 58455K [0x00000000c0000000, 0x00000000d5580000, 0x00000000eab00000)
  object space 349696K, 16% used [0x00000000c0000000,0x00000000c3915da8,0x00000000d5580000)
 Metaspace       used 13591K, capacity 14290K, committed 14592K, reserved 1060864K
  class space    used 2041K, capacity 2204K, committed 2304K, reserved 1048576K
}
Event: 3.028 GC heap before
{Heap before GC invocations=18 (full 8):
 PSYoungGen      total 284672K, used 19522K [0x00000000eab00000, 0x00000000fd600000, 0x0000000100000000)
  eden space 263168K, 0% used [0x00000000eab00000,0x00000000eab00000,0x00000000fac00000)
  from space 21504K, 90% used [0x00000000fc100000,0x00000000fd410a18,0x00000000fd600000)
  to   space 21504K, 0% used [0x00000000fac00000,0x00000000fac00000,0x00000000fc100000)
 ParOldGen       total 349696K, used 58455K [0x00000000c0000000, 0x00000000d5580000, 0x00000000eab00000)
  object space 349696K, 16% used [0x00000000c0000000,0x00000000c3915da8,0x00000000d5580000)
 Metaspace       used 13591K, capacity 14290K, committed 14592K, reserved 1060864K
  class space    used 2041K, capacity 2204K, committed 2304K, reserved 1048576K
Event: 3.163 GC heap after
Heap after GC invocations=18 (full 8):
 PSYoungGen      total 284672K, used 0K [0x00000000eab00000, 0x00000000fd600000, 0x0000000100000000)
  eden space 263168K, 0% used [0x00000000eab00000,0x00000000eab00000,0x00000000fac00000)
  from space 21504K, 0% used [0x00000000fc100000,0x00000000fc100000,0x00000000fd600000)
  to   space 21504K, 0% used [0x00000000fac00000,0x00000000fac00000,0x00000000fc100000)
 ParOldGen       total 349696K, used 72425K [0x00000000c0000000, 0x00000000d5580000, 0x00000000eab00000)
  object space 349696K, 20% used [0x00000000c0000000,0x00000000c46ba788,0x00000000d5580000)
 Metaspace       used 13591K, capacity 14290K, committed 14592K, reserved 1060864K
  class space    used 2041K, capacity 2204K, committed 2304K, reserved 1048576K
}
Event: 3.264 GC heap before
{Heap before GC invocations=19 (full 8):
 PSYoungGen      total 284672K, used 7315K [0x00000000eab00000, 0x00000000fd600000, 0x0000000100000000)
  eden space 263168K, 2% used [0x00000000eab00000,0x00000000eb224f68,0x00000000fac00000)
  from space 21504K, 0% used [0x00000000fc100000,0x00000000fc100000,0x00000000fd600000)
  to   space 21504K, 0% used [0x00000000fac00000,0x00000000fac00000,0x00000000fc100000)
 ParOldGen       total 349696K, used 72425K [0x00000000c0000000, 0x00000000d5580000, 0x00000000eab00000)
  object space 349696K, 20% used [0x00000000c0000000,0x00000000c46ba788,0x00000000d5580000)
 Metaspace       used 13828K, capacity 14530K, committed 14848K, reserved 1062912K
  class space    used 2053K, capacity 2212K, committed 2304K, reserved 1048576K
Event: 3.265 GC heap after
Heap after GC invocations=19 (full 8):
 PSYoungGen      total 284672K, used 395K [0x00000000eab00000, 0x00000000fd600000, 0x0000000100000000)
  eden space 263168K, 0% used [0x00000000eab00000,0x00000000eab00000,0x00000000fac00000)
  from space 21504K, 1% used [0x00000000fac00000,0x00000000fac62cc0,0x00000000fc100000)
  to   space 21504K, 0% used [0x00000000fc100000,0x00000000fc100000,0x00000000fd600000)
 ParOldGen       total 349696K, used 72433K [0x00000000c0000000, 0x00000000d5580000, 0x00000000eab00000)
  object space 349696K, 20% used [0x00000000c0000000,0x00000000c46bc788,0x00000000d5580000)
 Metaspace       used 13828K, capacity 14530K, committed 14848K, reserved 1062912K
  class space    used 2053K, capacity 2212K, committed 2304K, reserved 1048576K
}
Event: 3.265 GC heap before
{Heap before GC invocations=20 (full 9):
 PSYoungGen      total 284672K, used 395K [0x00000000eab00000, 0x00000000fd600000, 0x0000000100000000)
  eden space 263168K, 0% used [0x00000000eab00000,0x00000000eab00000,0x00000000fac00000)
  from space 21504K, 1% used [0x00000000fac00000,0x00000000fac62cc0,0x00000000fc100000)
  to   space 21504K, 0% used [0x00000000fc100000,0x00000000fc100000,0x00000000fd600000)
 ParOldGen       total 349696K, used 72433K [0x00000000c0000000, 0x00000000d5580000, 0x00000000eab00000)
  object space 349696K, 20% used [0x00000000c0000000,0x00000000c46bc788,0x00000000d5580000)
 Metaspace       used 13828K, capacity 14530K, committed 14848K, reserved 1062912K
  class space    used 2053K, capacity 2212K, committed 2304K, reserved 1048576K
Event: 3.389 GC heap after
Heap after GC invocations=20 (full 9):
 PSYoungGen      total 284672K, used 0K [0x00000000eab00000, 0x00000000fd600000, 0x0000000100000000)
  eden space 263168K, 0% used [0x00000000eab00000,0x00000000eab00000,0x00000000fac00000)
  from space 21504K, 0% used [0x00000000fac00000,0x00000000fac00000,0x00000000fc100000)
  to   space 21504K, 0% used [0x00000000fc100000,0x00000000fc100000,0x00000000fd600000)
 ParOldGen       total 349696K, used 72471K [0x00000000c0000000, 0x00000000d5580000, 0x00000000eab00000)
  object space 349696K, 20% used [0x00000000c0000000,0x00000000c46c5de8,0x00000000d5580000)
 Metaspace       used 13828K, capacity 14530K, committed 14848K, reserved 1062912K
  class space    used 2053K, capacity 2212K, committed 2304K, reserved 1048576K
}

